<?xml version="1.0" encoding="UTF-8"?>
<!-- Generated by org.testng.reporters.JUnitXMLReporter -->
<testsuite hostname="ITAdmins-MacBook-Pro.local" failures="0" tests="2" name="demotestTime" time="32.147" errors="0" timestamp="23 Mar 2021 10:56:21 GMT">
  <testcase classname="com.burning.glass.selenium.web.demotest.DemoTest1" name="demotest1" time="3.286"/>
  <testcase classname="com.burning.glass.selenium.web.demotest.DemoTest1" name="handleAlert" time="18.457"/>
</testsuite> <!-- demotestTime -->
