<?xml version="1.0" encoding="UTF-8"?>
<testng-results total="2" passed="2" failed="0" skipped="0">
  <reporter-output>
    <line>
      <![CDATA[STEP_DOC [10:55:51:623] [00:00:03:795]:Starting test for class [com.burning.glass.selenium.web.demotest.DemoTest1] and method [demotest1]]]>
    </line>
    <line>
      <![CDATA[STEP_DOC [10:55:51:657] [449026:55:51:657]:STEP_DOC [10:55:51:623] [00:00:03:795]:Starting test for class [com.burning.glass.selenium.web.demotest.DemoTest1] and method [demotest1]]]>
    </line>
    <line>
      <![CDATA[STEP_DOC [10:55:54:947] [00:00:07:088]:Test finished for class [com.burning.glass.selenium.web.demotest.DemoTest1] and method [demotest1]]]>
    </line>
    <line>
      <![CDATA[STEP_DOC [10:55:54:948] [449026:55:54:948]:STEP_DOC [10:55:54:947] [00:00:07:088]:Test finished for class [com.burning.glass.selenium.web.demotest.DemoTest1] and method [demotest1]]]>
    </line>
    <line>
      <![CDATA[STEP_DOC [10:55:54:949] [00:00:07:090]:Starting test for class [com.burning.glass.selenium.web.demotest.DemoTest1] and method [handleAlert]]]>
    </line>
    <line>
      <![CDATA[STEP_DOC [10:55:54:950] [449026:55:54:951]:STEP_DOC [10:55:54:949] [00:00:07:090]:Starting test for class [com.burning.glass.selenium.web.demotest.DemoTest1] and method [handleAlert]]]>
    </line>
    <line>
      <![CDATA[STEP_DOC [10:56:06:486] [00:00:18:626]:Switching to window handle [CDwindow-C0A2BCB614A068BA55DB3EBA9EEA3F67]]]>
    </line>
    <line>
      <![CDATA[STEP_DOC [10:56:06:487] [449026:56:06:487]:STEP_DOC [10:56:06:486] [00:00:18:626]:Switching to window handle [CDwindow-C0A2BCB614A068BA55DB3EBA9EEA3F67]]]>
    </line>
    <line>
      <![CDATA[STEP_DOC [10:56:10:837] [00:00:22:978]:Done waiting for 1000 ms.]]>
    </line>
    <line>
      <![CDATA[STEP_DOC [10:56:10:838] [449026:56:10:838]:STEP_DOC [10:56:10:837] [00:00:22:978]:Done waiting for 1000 ms.]]>
    </line>
    <line>
      <![CDATA[STEP_DOC [10:56:12:721] [00:00:24:861]:Done waiting for 1000 ms.]]>
    </line>
    <line>
      <![CDATA[STEP_DOC [10:56:12:721] [449026:56:12:721]:STEP_DOC [10:56:12:721] [00:00:24:861]:Done waiting for 1000 ms.]]>
    </line>
    <line>
      <![CDATA[STEP_DOC [10:56:13:412] [00:00:25:552]:Test finished for class [com.burning.glass.selenium.web.demotest.DemoTest1] and method [handleAlert]]]>
    </line>
    <line>
      <![CDATA[STEP_DOC [10:56:13:413] [449026:56:13:413]:STEP_DOC [10:56:13:412] [00:00:25:552]:Test finished for class [com.burning.glass.selenium.web.demotest.DemoTest1] and method [handleAlert]]]>
    </line>
    <line>
      <![CDATA[STEP_DOC [10:56:13:414] [00:00:25:555]:Closing session.]]>
    </line>
    <line>
      <![CDATA[STEP_DOC [10:56:13:415] [449026:56:13:416]:STEP_DOC [10:56:13:414] [00:00:25:555]:Closing session.]]>
    </line>
    <line>
      <![CDATA[STEP_DOC [10:56:13:457] [00:00:25:597]:Closing window CDwindow-6C9EE965EA5406168AC077DDD534E910]]>
    </line>
    <line>
      <![CDATA[STEP_DOC [10:56:13:458] [449026:56:13:458]:STEP_DOC [10:56:13:457] [00:00:25:597]:Closing window CDwindow-6C9EE965EA5406168AC077DDD534E910]]>
    </line>
    <line>
      <![CDATA[STEP_DOC [10:56:13:612] [00:00:25:752]:Closed window CDwindow-6C9EE965EA5406168AC077DDD534E910]]>
    </line>
    <line>
      <![CDATA[STEP_DOC [10:56:13:612] [449026:56:13:612]:STEP_DOC [10:56:13:612] [00:00:25:752]:Closed window CDwindow-6C9EE965EA5406168AC077DDD534E910]]>
    </line>
    <line>
      <![CDATA[STEP_DOC [10:56:13:633] [00:00:25:774]:Closing window CDwindow-C0A2BCB614A068BA55DB3EBA9EEA3F67]]>
    </line>
    <line>
      <![CDATA[STEP_DOC [10:56:13:634] [449026:56:13:635]:STEP_DOC [10:56:13:633] [00:00:25:774]:Closing window CDwindow-C0A2BCB614A068BA55DB3EBA9EEA3F67]]>
    </line>
    <line>
      <![CDATA[STEP_DOC [10:56:13:830] [00:00:25:971]:Closed window CDwindow-C0A2BCB614A068BA55DB3EBA9EEA3F67]]>
    </line>
    <line>
      <![CDATA[STEP_DOC [10:56:13:831] [449026:56:13:831]:STEP_DOC [10:56:13:830] [00:00:25:971]:Closed window CDwindow-C0A2BCB614A068BA55DB3EBA9EEA3F67]]>
    </line>
    <line>
      <![CDATA[STEP_DOC [10:56:13:831] [00:00:25:971]:waiting for 3 secs before terminating the session.]]>
    </line>
    <line>
      <![CDATA[STEP_DOC [10:56:13:832] [449026:56:13:832]:STEP_DOC [10:56:13:831] [00:00:25:971]:waiting for 3 secs before terminating the session.]]>
    </line>
    <line>
      <![CDATA[STEP_DOC [10:56:16:836] [00:00:28:977]:Quitting session.]]>
    </line>
    <line>
      <![CDATA[STEP_DOC [10:56:16:838] [449026:56:16:839]:STEP_DOC [10:56:16:836] [00:00:28:977]:Quitting session.]]>
    </line>
    <line>
      <![CDATA[STEP_DOC [10:56:16:916] [00:00:29:057]:Session closed.]]>
    </line>
    <line>
      <![CDATA[STEP_DOC [10:56:16:918] [449026:56:16:918]:STEP_DOC [10:56:16:916] [00:00:29:057]:Session closed.]]>
    </line>
  </reporter-output>
  <suite started-at="2021-03-23T10:55:44Z" name="Tests" finished-at="2021-03-23T10:56:16Z" duration-ms="32147">
    <groups>
    </groups>
    <test started-at="2021-03-23T10:55:44Z" name="demotestTime" finished-at="2021-03-23T10:56:16Z" duration-ms="32147">
      <class name="com.burning.glass.selenium.web.demotest.DemoTest1">
        <test-method is-config="true" signature="startSession(java.lang.String, java.lang.String, java.lang.String, java.lang.String, java.lang.String, java.lang.String, java.lang.String, java.lang.String, java.lang.String)[pri:0, instance:com.burning.glass.selenium.web.demotest.DemoTest1@4461c7e3]" started-at="2021-03-23T10:55:44Z" name="startSession" finished-at="2021-03-23T10:55:51Z" duration-ms="6829" status="PASS">
          <params>
            <param index="0">
              <value>
                <![CDATA[]]>
              </value>
            </param>
            <param index="1">
              <value>
                <![CDATA[]]>
              </value>
            </param>
            <param index="2">
              <value>
                <![CDATA[4444]]>
              </value>
            </param>
            <param index="3">
              <value>
                <![CDATA[drivers/ChromeDriver/chromedriver]]>
              </value>
            </param>
            <param index="4">
              <value is-null="true"/>
            </param>
            <param index="5">
              <value>
                <![CDATA[MAC]]>
              </value>
            </param>
            <param index="6">
              <value>
                <![CDATA[chrome]]>
              </value>
            </param>
            <param index="7">
              <value>
                <![CDATA[https://www.seleniumeasy.com/test/]]>
              </value>
            </param>
            <param index="8">
              <value>
                <![CDATA[screenshots]]>
              </value>
            </param>
          </params>
          <reporter-output>
          </reporter-output>
        </test-method> <!-- startSession -->
        <test-method is-config="true" signature="initSingleTest(java.lang.String, java.lang.reflect.Method)[pri:0, instance:com.burning.glass.selenium.web.demotest.DemoTest1@4461c7e3]" started-at="2021-03-23T10:55:51Z" name="initSingleTest" finished-at="2021-03-23T10:55:51Z" duration-ms="36" status="PASS">
          <params>
            <param index="0">
              <value>
                <![CDATA[screenshots]]>
              </value>
            </param>
            <param index="1">
              <value>
                <![CDATA[public void com.burning.glass.selenium.web.demotest.DemoTest1.demotest1(java.lang.String,java.lang.String) throws java.lang.Exception]]>
              </value>
            </param>
          </params>
          <reporter-output>
            <line>
              <![CDATA[STEP_DOC [10:55:51:623] [00:00:03:795]:Starting test for class [com.burning.glass.selenium.web.demotest.DemoTest1] and method [demotest1]]]>
            </line>
            <line>
              <![CDATA[STEP_DOC [10:55:51:657] [449026:55:51:657]:STEP_DOC [10:55:51:623] [00:00:03:795]:Starting test for class [com.burning.glass.selenium.web.demotest.DemoTest1] and method [demotest1]]]>
            </line>
          </reporter-output>
        </test-method> <!-- initSingleTest -->
        <test-method signature="demotest1(java.lang.String, java.lang.String)[pri:0, instance:com.burning.glass.selenium.web.demotest.DemoTest1@4461c7e3]" started-at="2021-03-23T10:55:51Z" name="demotest1" finished-at="2021-03-23T10:55:54Z" duration-ms="3286" status="PASS">
          <params>
            <param index="0">
              <value>
                <![CDATA[sobha.jha@gmail.com]]>
              </value>
            </param>
            <param index="1">
              <value>
                <![CDATA[Burningglass]]>
              </value>
            </param>
          </params>
          <reporter-output>
          </reporter-output>
        </test-method> <!-- demotest1 -->
        <test-method is-config="true" signature="finalizeTest(java.lang.reflect.Method)[pri:0, instance:com.burning.glass.selenium.web.demotest.DemoTest1@4461c7e3]" started-at="2021-03-23T10:55:54Z" name="finalizeTest" finished-at="2021-03-23T10:55:54Z" duration-ms="3" status="PASS">
          <params>
            <param index="0">
              <value>
                <![CDATA[public void com.burning.glass.selenium.web.demotest.DemoTest1.demotest1(java.lang.String,java.lang.String) throws java.lang.Exception]]>
              </value>
            </param>
          </params>
          <reporter-output>
            <line>
              <![CDATA[STEP_DOC [10:55:54:947] [00:00:07:088]:Test finished for class [com.burning.glass.selenium.web.demotest.DemoTest1] and method [demotest1]]]>
            </line>
            <line>
              <![CDATA[STEP_DOC [10:55:54:948] [449026:55:54:948]:STEP_DOC [10:55:54:947] [00:00:07:088]:Test finished for class [com.burning.glass.selenium.web.demotest.DemoTest1] and method [demotest1]]]>
            </line>
          </reporter-output>
        </test-method> <!-- finalizeTest -->
        <test-method is-config="true" signature="initSingleTest(java.lang.String, java.lang.reflect.Method)[pri:0, instance:com.burning.glass.selenium.web.demotest.DemoTest1@4461c7e3]" started-at="2021-03-23T10:55:54Z" name="initSingleTest" finished-at="2021-03-23T10:55:54Z" duration-ms="2" status="PASS">
          <params>
            <param index="0">
              <value>
                <![CDATA[screenshots]]>
              </value>
            </param>
            <param index="1">
              <value>
                <![CDATA[public void com.burning.glass.selenium.web.demotest.DemoTest1.handleAlert(java.lang.String,java.lang.String) throws java.lang.Exception]]>
              </value>
            </param>
          </params>
          <reporter-output>
            <line>
              <![CDATA[STEP_DOC [10:55:54:949] [00:00:07:090]:Starting test for class [com.burning.glass.selenium.web.demotest.DemoTest1] and method [handleAlert]]]>
            </line>
            <line>
              <![CDATA[STEP_DOC [10:55:54:950] [449026:55:54:951]:STEP_DOC [10:55:54:949] [00:00:07:090]:Starting test for class [com.burning.glass.selenium.web.demotest.DemoTest1] and method [handleAlert]]]>
            </line>
          </reporter-output>
        </test-method> <!-- initSingleTest -->
        <test-method signature="handleAlert(java.lang.String, java.lang.String)[pri:0, instance:com.burning.glass.selenium.web.demotest.DemoTest1@4461c7e3]" started-at="2021-03-23T10:55:54Z" name="handleAlert" finished-at="2021-03-23T10:56:13Z" duration-ms="18457" status="PASS">
          <params>
            <param index="0">
              <value>
                <![CDATA[sobha.jha@gmail.com]]>
              </value>
            </param>
            <param index="1">
              <value>
                <![CDATA[Burningglass]]>
              </value>
            </param>
          </params>
          <reporter-output>
            <line>
              <![CDATA[STEP_DOC [10:56:06:486] [00:00:18:626]:Switching to window handle [CDwindow-C0A2BCB614A068BA55DB3EBA9EEA3F67]]]>
            </line>
            <line>
              <![CDATA[STEP_DOC [10:56:06:487] [449026:56:06:487]:STEP_DOC [10:56:06:486] [00:00:18:626]:Switching to window handle [CDwindow-C0A2BCB614A068BA55DB3EBA9EEA3F67]]]>
            </line>
            <line>
              <![CDATA[STEP_DOC [10:56:10:837] [00:00:22:978]:Done waiting for 1000 ms.]]>
            </line>
            <line>
              <![CDATA[STEP_DOC [10:56:10:838] [449026:56:10:838]:STEP_DOC [10:56:10:837] [00:00:22:978]:Done waiting for 1000 ms.]]>
            </line>
            <line>
              <![CDATA[STEP_DOC [10:56:12:721] [00:00:24:861]:Done waiting for 1000 ms.]]>
            </line>
            <line>
              <![CDATA[STEP_DOC [10:56:12:721] [449026:56:12:721]:STEP_DOC [10:56:12:721] [00:00:24:861]:Done waiting for 1000 ms.]]>
            </line>
          </reporter-output>
        </test-method> <!-- handleAlert -->
        <test-method is-config="true" signature="finalizeTest(java.lang.reflect.Method)[pri:0, instance:com.burning.glass.selenium.web.demotest.DemoTest1@4461c7e3]" started-at="2021-03-23T10:56:13Z" name="finalizeTest" finished-at="2021-03-23T10:56:13Z" duration-ms="2" status="PASS">
          <params>
            <param index="0">
              <value>
                <![CDATA[public void com.burning.glass.selenium.web.demotest.DemoTest1.handleAlert(java.lang.String,java.lang.String) throws java.lang.Exception]]>
              </value>
            </param>
          </params>
          <reporter-output>
            <line>
              <![CDATA[STEP_DOC [10:56:13:412] [00:00:25:552]:Test finished for class [com.burning.glass.selenium.web.demotest.DemoTest1] and method [handleAlert]]]>
            </line>
            <line>
              <![CDATA[STEP_DOC [10:56:13:413] [449026:56:13:413]:STEP_DOC [10:56:13:412] [00:00:25:552]:Test finished for class [com.burning.glass.selenium.web.demotest.DemoTest1] and method [handleAlert]]]>
            </line>
          </reporter-output>
        </test-method> <!-- finalizeTest -->
        <test-method is-config="true" signature="closeSession()[pri:0, instance:com.burning.glass.selenium.web.demotest.DemoTest1@4461c7e3]" started-at="2021-03-23T10:56:13Z" name="closeSession" finished-at="2021-03-23T10:56:16Z" duration-ms="3505" status="PASS">
          <reporter-output>
            <line>
              <![CDATA[STEP_DOC [10:56:13:414] [00:00:25:555]:Closing session.]]>
            </line>
            <line>
              <![CDATA[STEP_DOC [10:56:13:415] [449026:56:13:416]:STEP_DOC [10:56:13:414] [00:00:25:555]:Closing session.]]>
            </line>
            <line>
              <![CDATA[STEP_DOC [10:56:13:457] [00:00:25:597]:Closing window CDwindow-6C9EE965EA5406168AC077DDD534E910]]>
            </line>
            <line>
              <![CDATA[STEP_DOC [10:56:13:458] [449026:56:13:458]:STEP_DOC [10:56:13:457] [00:00:25:597]:Closing window CDwindow-6C9EE965EA5406168AC077DDD534E910]]>
            </line>
            <line>
              <![CDATA[STEP_DOC [10:56:13:612] [00:00:25:752]:Closed window CDwindow-6C9EE965EA5406168AC077DDD534E910]]>
            </line>
            <line>
              <![CDATA[STEP_DOC [10:56:13:612] [449026:56:13:612]:STEP_DOC [10:56:13:612] [00:00:25:752]:Closed window CDwindow-6C9EE965EA5406168AC077DDD534E910]]>
            </line>
            <line>
              <![CDATA[STEP_DOC [10:56:13:633] [00:00:25:774]:Closing window CDwindow-C0A2BCB614A068BA55DB3EBA9EEA3F67]]>
            </line>
            <line>
              <![CDATA[STEP_DOC [10:56:13:634] [449026:56:13:635]:STEP_DOC [10:56:13:633] [00:00:25:774]:Closing window CDwindow-C0A2BCB614A068BA55DB3EBA9EEA3F67]]>
            </line>
            <line>
              <![CDATA[STEP_DOC [10:56:13:830] [00:00:25:971]:Closed window CDwindow-C0A2BCB614A068BA55DB3EBA9EEA3F67]]>
            </line>
            <line>
              <![CDATA[STEP_DOC [10:56:13:831] [449026:56:13:831]:STEP_DOC [10:56:13:830] [00:00:25:971]:Closed window CDwindow-C0A2BCB614A068BA55DB3EBA9EEA3F67]]>
            </line>
            <line>
              <![CDATA[STEP_DOC [10:56:13:831] [00:00:25:971]:waiting for 3 secs before terminating the session.]]>
            </line>
            <line>
              <![CDATA[STEP_DOC [10:56:13:832] [449026:56:13:832]:STEP_DOC [10:56:13:831] [00:00:25:971]:waiting for 3 secs before terminating the session.]]>
            </line>
            <line>
              <![CDATA[STEP_DOC [10:56:16:836] [00:00:28:977]:Quitting session.]]>
            </line>
            <line>
              <![CDATA[STEP_DOC [10:56:16:838] [449026:56:16:839]:STEP_DOC [10:56:16:836] [00:00:28:977]:Quitting session.]]>
            </line>
            <line>
              <![CDATA[STEP_DOC [10:56:16:916] [00:00:29:057]:Session closed.]]>
            </line>
            <line>
              <![CDATA[STEP_DOC [10:56:16:918] [449026:56:16:918]:STEP_DOC [10:56:16:916] [00:00:29:057]:Session closed.]]>
            </line>
          </reporter-output>
        </test-method> <!-- closeSession -->
      </class> <!-- com.burning.glass.selenium.web.demotest.DemoTest1 -->
    </test> <!-- demotestTime -->
  </suite> <!-- Tests -->
</testng-results>
